<?xml version="1.0" encoding="UTF-8"?>
<testng-results skipped="0" failed="0" ignored="0" total="1" passed="1">
  <reporter-output>
  </reporter-output>
  <suite name="Default suite" duration-ms="343043" started-at="2020-05-30T12:08:46 IST" finished-at="2020-05-30T12:14:29 IST">
    <groups>
    </groups>
    <test name="Default test" duration-ms="343043" started-at="2020-05-30T12:08:46 IST" finished-at="2020-05-30T12:14:29 IST">
      <class name="com.adactin.runner.Runner2">
        <test-method status="PASS" signature="testAdactin()[pri:0, instance:com.adactin.runner.Runner2@1f7030a6]" name="testAdactin" duration-ms="342985" started-at="2020-05-30T12:08:46 IST" finished-at="2020-05-30T12:14:29 IST">
          <reporter-output>
          </reporter-output>
        </test-method> <!-- testAdactin -->
      </class> <!-- com.adactin.runner.Runner2 -->
    </test> <!-- Default test -->
  </suite> <!-- Default suite -->
</testng-results>
